{
  "Gas Log": [
    {
      "Mileage": 47472,
      "Gallons": 17.514,
      "Total Price": 43.07,
      "Price Per Gallon": 2.459,
      "Date": "2018-02-22"
    },
    {
      "Mileage": 47743,
      "Gallons": 12.892,
      "Total Price": 32.22,
      "Price Per Gallon": 2.499,
      "Date": "2018-02-27"
    },
    {
      "Mileage": 47003,
      "Gallons": 16.993,
      "Total Price": 43.49,
      "Price Per Gallon": 2.559,
      "Date": "2018-03-04"
    },
    {
      "Mileage": 47472,
      "Gallons": 17.514,
      "Total Price": 43.07,
      "Price Per Gallon": 2.459,
      "Date": "2018-02-22"
    },
    {
      "Mileage": 47743,
      "Gallons": 12.892,
      "Total Price": 32.22,
      "Price Per Gallon": 2.499,
      "Date": "2018-02-27"
    },
    {
      "Mileage": 47003,
      "Gallons": 16.993,
      "Total Price": 43.49,
      "Price Per Gallon": 2.559,
      "Date": "2018-03-04"
    },
    {
      "Mileage": 47472,
      "Gallons": 17.514,
      "Total Price": 43.07,
      "Price Per Gallon": 2.459,
      "Date": "2018-02-22"
    },
    {
      "Mileage": 47743,
      "Gallons": 12.892,
      "Total Price": 32.22,
      "Price Per Gallon": 2.499,
      "Date": "2018-02-27"
    },
    {
      "Mileage": 47003,
      "Gallons": 16.993,
      "Total Price": 43.49,
      "Price Per Gallon": 2.559,
      "Date": "2018-03-04"
    },
    {
      "Mileage": 47472,
      "Gallons": 17.514,
      "Total Price": 43.07,
      "Price Per Gallon": 2.459,
      "Date": "2018-02-22"
    },
    {
      "Mileage": 47743,
      "Gallons": 12.892,
      "Total Price": 32.22,
      "Price Per Gallon": 2.499,
      "Date": "2018-02-27"
    },
    {
      "Mileage": 47003,
      "Gallons": 16.993,
      "Total Price": 43.49,
      "Price Per Gallon": 2.559,
      "Date": "2018-03-04"
    },
    {
      "Mileage": 47472,
      "Gallons": 17.514,
      "Total Price": 43.07,
      "Price Per Gallon": 2.459,
      "Date": "2018-02-22"
    },
    {
      "Mileage": 47743,
      "Gallons": 12.892,
      "Total Price": 32.22,
      "Price Per Gallon": 2.499,
      "Date": "2018-02-27"
    },
    {
      "Mileage": 47003,
      "Gallons": 16.993,
      "Total Price": 43.49,
      "Price Per Gallon": 2.559,
      "Date": "2018-03-04"
    },
    {
      "Mileage": 47472,
      "Gallons": 17.514,
      "Total Price": 43.07,
      "Price Per Gallon": 2.459,
      "Date": "2018-02-22"
    },
    {
      "Mileage": 47743,
      "Gallons": 12.892,
      "Total Price": 32.22,
      "Price Per Gallon": 2.499,
      "Date": "2018-02-27"
    },
    {
      "Mileage": 47003,
      "Gallons": 16.993,
      "Total Price": 43.49,
      "Price Per Gallon": 2.559,
      "Date": "2018-03-04"
    },
    {
      "Mileage": 47472,
      "Gallons": 17.514,
      "Total Price": 43.07,
      "Price Per Gallon": 2.459,
      "Date": "2018-02-22"
    },
    {
      "Mileage": 47743,
      "Gallons": 12.892,
      "Total Price": 32.22,
      "Price Per Gallon": 2.499,
      "Date": "2018-02-27"
    },
    {
      "Mileage": 47003,
      "Gallons": 16.993,
      "Total Price": 43.49,
      "Price Per Gallon": 2.559,
      "Date": "2018-03-04"
    },
    {
      "Mileage": 47472,
      "Gallons": 17.514,
      "Total Price": 43.07,
      "Price Per Gallon": 2.459,
      "Date": "2018-02-22"
    },
    {
      "Mileage": 47743,
      "Gallons": 12.892,
      "Total Price": 32.22,
      "Price Per Gallon": 2.499,
      "Date": "2018-02-27"
    },
    {
      "Mileage": 47003,
      "Gallons": 16.993,
      "Total Price": 43.49,
      "Price Per Gallon": 2.559,
      "Date": "2018-03-04"
    },
    {
      "Mileage": 47003,
      "Gallons": 16.993,
      "Total Price": 43.49,
      "Price Per Gallon": 2.559,
      "Date": "2018-03-04"
    }
  ]
}